d:\gitlocal\sits\debug\vc142.pdb
d:\gitlocal\sits\debug\command.obj
d:\gitlocal\sits\debug\moc_audio_command.obj
d:\gitlocal\sits\debug\moc_camera_command.obj
d:\gitlocal\sits\debug\moc_camerareadledgains_command.obj
d:\gitlocal\sits\debug\moc_camerasnapfreeall_command.obj
d:\gitlocal\sits\debug\moc_command.obj
d:\gitlocal\sits\debug\moc_flowcelldoorclose_command.obj
d:\gitlocal\sits\debug\moc_flowcelldoorsetsealdistance_command.obj
d:\gitlocal\sits\debug\moc_fluidicsautomationmovetoy_command.obj
d:\gitlocal\sits\debug\moc_instrumentoperator.obj
d:\gitlocal\sits\debug\moc_miscfwids_command.obj
d:\gitlocal\sits\debug\moc_motionservohistory_command.obj
d:\gitlocal\sits\debug\moc_rfidtaggetstatus_command.obj
d:\gitlocal\sits\debug\moc_sampleheatercalculatepoint_command.obj
d:\gitlocal\sits\debug\moc_sampleheaterenable_command.obj
d:\gitlocal\sits\debug\moc_sensoroverride_command.obj
d:\gitlocal\sits\debug\moc_settingsget_command.obj
d:\gitlocal\sits\debug\moc_shutdownispoweroff_command.obj
d:\gitlocal\sits\debug\moc_timesetclock_command.obj
d:\gitlocal\sits\debug\moc_xyhealthy_command.obj
d:\gitlocal\sits\debug\moc_xysetminmovemsec_command.obj
d:\gitlocal\sits\debug\moc_xytargetset_command.obj
d:\gitlocal\sits\debug\moc_zstageisready_command.obj
d:\gitlocal\sits\debug\qrc_qml.obj
d:\gitlocal\sits\debug\moc_bubblegetcount_command.obj
d:\gitlocal\sits\debug\moc_cameraenablezsettling_command.obj
d:\gitlocal\sits\debug\moc_camerasetaf_command.obj
d:\gitlocal\sits\debug\moc_camerastoreledgains_command.obj
d:\gitlocal\sits\debug\moc_cpqcihack_command.obj
d:\gitlocal\sits\debug\moc_flowcelldoorgetsealdistance_command.obj
d:\gitlocal\sits\debug\moc_fluidicsautomationbufferpresentcontrol_command.obj
d:\gitlocal\sits\debug\moc_fluidicsautomationreagenttrayctrl_command.obj
d:\gitlocal\sits\debug\moc_loggetlist_command.obj
d:\gitlocal\sits\debug\moc_miscfwstage_command.obj
d:\gitlocal\sits\debug\moc_pressuresensorread_command.obj
d:\gitlocal\sits\debug\moc_rfidtagreset_command.obj
d:\gitlocal\sits\debug\moc_sampleheatercalculatepoints_command.obj
d:\gitlocal\sits\debug\moc_sampleheatertargetget_command.obj
d:\gitlocal\sits\debug\moc_sensorposition_command.obj
d:\gitlocal\sits\debug\moc_settingsgetkeynames_command.obj
d:\gitlocal\sits\debug\moc_systemled_command.obj
d:\gitlocal\sits\debug\moc_xyenablerangecheck_command.obj
d:\gitlocal\sits\debug\moc_xymovetoship_command.obj
d:\gitlocal\sits\debug\moc_xystatus_command.obj
d:\gitlocal\sits\debug\moc_zstagegetheight_command.obj
d:\gitlocal\sits\debug\moc_zstagewatchheight_command.obj
d:\gitlocal\sits\debug\moc_filelogger.obj
d:\gitlocal\sits\debug\moc_camerapenalty_command.obj
d:\gitlocal\sits\debug\moc_camerasnap_command.obj
d:\gitlocal\sits\debug\moc_cancel_command.obj
d:\gitlocal\sits\debug\moc_fangetppm_command.obj
d:\gitlocal\sits\debug\moc_flowcelldoorgetstate_command.obj
d:\gitlocal\sits\debug\moc_fluidicsautomationdo_command.obj
d:\gitlocal\sits\debug\moc_getinterfacesignature_command.obj
d:\gitlocal\sits\debug\moc_logreplay_command.obj
d:\gitlocal\sits\debug\moc_motionmove_command.obj
d:\gitlocal\sits\debug\moc_pumpwrite_command.obj
d:\gitlocal\sits\debug\moc_rfidtagset_command.obj
d:\gitlocal\sits\debug\moc_sampleheatercalculatereset_command.obj
d:\gitlocal\sits\debug\moc_sampleheatertargetset_command.obj
d:\gitlocal\sits\debug\moc_sensorread_command.obj
d:\gitlocal\sits\debug\moc_settingsset_command.obj
d:\gitlocal\sits\debug\moc_timegetmsec_command.obj
d:\gitlocal\sits\debug\moc_xygetpositions_command.obj
d:\gitlocal\sits\debug\moc_xyreinitialize_command.obj
d:\gitlocal\sits\debug\moc_xytargetgo_command.obj
d:\gitlocal\sits\debug\moc_zstageinitialize_command.obj
d:\gitlocal\sits\debug\moc_bubblecalibrate_command.obj
d:\gitlocal\sits\debug\moc_bubblemeasureflighttime_command.obj
d:\gitlocal\sits\debug\moc_camerareadleddata_command.obj
d:\gitlocal\sits\debug\moc_camerasnapfree_command.obj
d:\gitlocal\sits\debug\moc_cancelbyid_command.obj
d:\gitlocal\sits\debug\moc_fanthermalcontrol_command.obj
d:\gitlocal\sits\debug\moc_flowcelldooropen_command.obj
d:\gitlocal\sits\debug\moc_fluidicsautomationgetpos_command.obj
d:\gitlocal\sits\debug\moc_humidityread_command.obj
d:\gitlocal\sits\debug\moc_miscfwidstr_command.obj
d:\gitlocal\sits\debug\moc_motionreadencoder_command.obj
d:\gitlocal\sits\debug\moc_rfidtagget_command.obj
d:\gitlocal\sits\debug\moc_rfidtagvalidation_command.obj
d:\gitlocal\sits\debug\moc_sampleheaterdisable_command.obj
d:\gitlocal\sits\debug\moc_sampleheatertemperature_command.obj
d:\gitlocal\sits\debug\moc_settingsflush_command.obj
d:\gitlocal\sits\debug\moc_shutdownisreset_command.obj
d:\gitlocal\sits\debug\moc_valvewrite_command.obj
d:\gitlocal\sits\debug\moc_xymoveto_command.obj
d:\gitlocal\sits\debug\moc_xysetsettlemsec_command.obj
d:\gitlocal\sits\debug\moc_xytargetsset_command.obj
d:\gitlocal\sits\debug\moc_zstagesetheight_command.obj
d:\gitlocal\sits\debug\filelogger.obj
d:\gitlocal\sits\debug\bubblemeasureflighttime_command.obj
d:\gitlocal\sits\debug\bubblewatchrecord_command_response.obj
d:\gitlocal\sits\debug\camera_command_response.obj
d:\gitlocal\sits\debug\cameraevent_command_response.obj
d:\gitlocal\sits\debug\camerareadleddata_command_response.obj
d:\gitlocal\sits\debug\camerasetaf_command_response.obj
d:\gitlocal\sits\debug\camerasnapfree_command_response.obj
d:\gitlocal\sits\debug\camerastoreledgains_command_response.obj
d:\gitlocal\sits\debug\fangetppm_command.obj
d:\gitlocal\sits\debug\fanthermalcontrol_command.obj
d:\gitlocal\sits\debug\flowcelldoorgetsealdistance_command_response.obj
d:\gitlocal\sits\debug\flowcelldooropen_command_response.obj
d:\gitlocal\sits\debug\fluidicsautomationdo_command.obj
d:\gitlocal\sits\debug\fluidicsautomationmovetoy_command.obj
d:\gitlocal\sits\debug\getinterfacesignature_command_response.obj
d:\gitlocal\sits\debug\humidityread_command_response.obj
d:\gitlocal\sits\debug\logrecord_command_response.obj
d:\gitlocal\sits\debug\logreplay_command.obj
d:\gitlocal\sits\debug\miscfwidstr_command.obj
d:\gitlocal\sits\debug\motionmove_command.obj
d:\gitlocal\sits\debug\motionservohistory_command.obj
d:\gitlocal\sits\debug\pressuresensorread_command_response.obj
d:\gitlocal\sits\debug\pumpwrite_command_response.obj
d:\gitlocal\sits\debug\rfidtagget_command_response.obj
d:\gitlocal\sits\debug\rfidtagreset_command_response.obj
d:\gitlocal\sits\debug\rfidtagvalidation_command.obj
d:\gitlocal\sits\debug\sampleheatercalculatepoints_command.obj
d:\gitlocal\sits\debug\sampleheaterconnected_command_response.obj
d:\gitlocal\sits\debug\sampleheaterenable_command_response.obj
d:\gitlocal\sits\debug\sampleheatertargetset_command_response.obj
d:\gitlocal\sits\debug\sensoroverride_command.obj
d:\gitlocal\sits\debug\sensorpositionrecord_command_response.obj
d:\gitlocal\sits\debug\settingsget_command.obj
d:\gitlocal\sits\debug\settingsset_command.obj
d:\gitlocal\sits\debug\shutdownispoweroff_command.obj
d:\gitlocal\sits\debug\timegetmsec_command.obj
d:\gitlocal\sits\debug\valvedata_command_response.obj
d:\gitlocal\sits\debug\xyenablerangecheck_command_response.obj
d:\gitlocal\sits\debug\xyhealthy_command_response.obj
d:\gitlocal\sits\debug\xymovetoship_command_response.obj
d:\gitlocal\sits\debug\xyreinitialize_command_response.obj
d:\gitlocal\sits\debug\xysetsettlemsec_command_response.obj
d:\gitlocal\sits\debug\xytargetgo_command_response.obj
d:\gitlocal\sits\debug\zstagegetheight_command.obj
d:\gitlocal\sits\debug\zstageinitialize_command_response.obj
d:\gitlocal\sits\debug\zstagesetheight_command_response.obj
d:\gitlocal\sits\debug\bubblecalibrate_command.obj
d:\gitlocal\sits\debug\bubblegetcount_command.obj
d:\gitlocal\sits\debug\bubblewatchsensors_command.obj
d:\gitlocal\sits\debug\cameraenablezsettling_command.obj
d:\gitlocal\sits\debug\camerapenalty_command_response.obj
d:\gitlocal\sits\debug\camerareadledgains_command.obj
d:\gitlocal\sits\debug\camerasnapfree_command.obj
d:\gitlocal\sits\debug\camerasnapfreeall_command_response.obj
d:\gitlocal\sits\debug\cancel_command_response.obj
d:\gitlocal\sits\debug\cpqcihack_command.obj
d:\gitlocal\sits\debug\fangetppm_command_response.obj
d:\gitlocal\sits\debug\fanthermalcontrol_command_response.obj
d:\gitlocal\sits\debug\flowcelldoorgetsealdistance_command.obj
d:\gitlocal\sits\debug\flowcelldooropen_command.obj
d:\gitlocal\sits\debug\fluidicsautomationbufferpresentcontrol_command.obj
d:\gitlocal\sits\debug\fluidicsautomationgetpos_command_response.obj
d:\gitlocal\sits\debug\getinterfacesignature_command.obj
d:\gitlocal\sits\debug\instrumentoperator.obj
d:\gitlocal\sits\debug\miscfwids_command.obj
d:\gitlocal\sits\debug\miscfwidstr_command_response.obj
d:\gitlocal\sits\debug\motionmove_command_response.obj
d:\gitlocal\sits\debug\motionreadencoder_command_response.obj
d:\gitlocal\sits\debug\pressuresensorread_command.obj
d:\gitlocal\sits\debug\response.obj
d:\gitlocal\sits\debug\rfidtaggetstatus_command.obj
d:\gitlocal\sits\debug\rfidtagset_command.obj
d:\gitlocal\sits\debug\sampleheatercalculatepoint_command_response.obj
d:\gitlocal\sits\debug\sampleheatercalculatereset_command_response.obj
d:\gitlocal\sits\debug\sampleheaterdisable_command_response.obj
d:\gitlocal\sits\debug\sampleheatertargetget_command_response.obj
d:\gitlocal\sits\debug\sampleheatertemperature_command_response.obj
d:\gitlocal\sits\debug\sensorposition_command.obj
d:\gitlocal\sits\debug\sensorread_command_response.obj
d:\gitlocal\sits\debug\settingsgetkeynames_command.obj
d:\gitlocal\sits\debug\settinsvoid_command_response.obj
d:\gitlocal\sits\debug\systemled_command.obj
d:\gitlocal\sits\debug\timesetclock_command_response.obj
d:\gitlocal\sits\debug\valvewrite_command_response.obj
d:\gitlocal\sits\debug\xygetpositions_command.obj
d:\gitlocal\sits\debug\xymoveto_command_response.obj
d:\gitlocal\sits\debug\xyoffsets_command.obj
d:\gitlocal\sits\debug\xysetminmovemsec_command_response.obj
d:\gitlocal\sits\debug\xystatus_command_response.obj
d:\gitlocal\sits\debug\xytargetset_command_response.obj
d:\gitlocal\sits\debug\zstagegetheight_command_response.obj
d:\gitlocal\sits\debug\zstageisready_command.obj
d:\gitlocal\sits\debug\zstagewatchheight_command_response.obj
d:\gitlocal\sits\debug\audio_command.obj
d:\gitlocal\sits\debug\bubblegetcount_command_response.obj
d:\gitlocal\sits\debug\bubblemeasureflighttime_command_response.obj
d:\gitlocal\sits\debug\camera_command.obj
d:\gitlocal\sits\debug\camerapenalty_command.obj
d:\gitlocal\sits\debug\camerareadledgain_command_response.obj
d:\gitlocal\sits\debug\camerasnap_command.obj
d:\gitlocal\sits\debug\camerastoreledgains_command.obj
d:\gitlocal\sits\debug\cancelbyid_command.obj
d:\gitlocal\sits\debug\error_nofification.obj
d:\gitlocal\sits\debug\fanonoff_command.obj
d:\gitlocal\sits\debug\flowcelldoorclose_command.obj
d:\gitlocal\sits\debug\flowcelldoorgetstate_command.obj
d:\gitlocal\sits\debug\flowcelldoorsetsealdistance_command.obj
d:\gitlocal\sits\debug\fluidicsautomationdo_command_response.obj
d:\gitlocal\sits\debug\fluidicsautomationnull_command_response.obj
d:\gitlocal\sits\debug\globalset.obj
d:\gitlocal\sits\debug\loggetlist_command_response.obj
d:\gitlocal\sits\debug\logreplay_command_response.obj
d:\gitlocal\sits\debug\miscfwids_command_response.obj
d:\gitlocal\sits\debug\miscfwstage_command_response.obj
d:\gitlocal\sits\debug\motionreadencoder_command.obj
d:\gitlocal\sits\debug\motionservorec_command_response.obj
d:\gitlocal\sits\debug\pumpwrite_command.obj
d:\gitlocal\sits\debug\rfidtagget_command.obj
d:\gitlocal\sits\debug\rfidtagreset_command.obj
d:\gitlocal\sits\debug\rfidtagvalidation_command_response.obj
d:\gitlocal\sits\debug\sampleheatercalculatepoints_command_response.obj
d:\gitlocal\sits\debug\sampleheaterdisable_command.obj
d:\gitlocal\sits\debug\sampleheatertargetget_command.obj
d:\gitlocal\sits\debug\sampleheatertemperature_command.obj
d:\gitlocal\sits\debug\sensoroverride_command_response.obj
d:\gitlocal\sits\debug\sensorread_command.obj
d:\gitlocal\sits\debug\settingsget_command_response.obj
d:\gitlocal\sits\debug\settingsvoid_command_response.obj
d:\gitlocal\sits\debug\shutdownisreset_command.obj
d:\gitlocal\sits\debug\timegetmsec_command_response.obj
d:\gitlocal\sits\debug\valvewrite_command.obj
d:\gitlocal\sits\debug\xygetposition_command_response.obj
d:\gitlocal\sits\debug\xymoveto_command.obj
d:\gitlocal\sits\debug\xyoffset_command_response.obj
d:\gitlocal\sits\debug\xysetminmovemsec_command.obj
d:\gitlocal\sits\debug\xystatus_command.obj
d:\gitlocal\sits\debug\xytargetset_command.obj
d:\gitlocal\sits\debug\zstagegetheightresult_command_response.obj
d:\gitlocal\sits\debug\zstageisready_command_response.obj
d:\gitlocal\sits\debug\zstagewatchheight_command.obj
d:\gitlocal\sits\debug\audio_command_response.obj
d:\gitlocal\sits\debug\bubblecalibrate_command_response.obj
d:\gitlocal\sits\debug\bubblewatchsensors_command_response.obj
d:\gitlocal\sits\debug\cameraenablezsettling_command_response.obj
d:\gitlocal\sits\debug\camerareadleddata_command.obj
d:\gitlocal\sits\debug\camerasetaf_command.obj
d:\gitlocal\sits\debug\camerasnap_command_response.obj
d:\gitlocal\sits\debug\camerasnapfreeall_command.obj
d:\gitlocal\sits\debug\cancel_command.obj
d:\gitlocal\sits\debug\communicationcore.obj
d:\gitlocal\sits\debug\fanonoff_command_response.obj
d:\gitlocal\sits\debug\flowcelldoorclose_command_response.obj
d:\gitlocal\sits\debug\flowcelldoorgetstate_command_response.obj
d:\gitlocal\sits\debug\flowcelldoorsetsealdistance_command_response.obj
d:\gitlocal\sits\debug\fluidicsautomationgetpos_command.obj
d:\gitlocal\sits\debug\fluidicsautomationreagenttrayctrl_command.obj
d:\gitlocal\sits\debug\humidityread_command.obj
d:\gitlocal\sits\debug\loggetlist_command.obj
d:\gitlocal\sits\debug\main.obj
d:\gitlocal\sits\debug\miscfwstage_command.obj
d:\gitlocal\sits\debug\motionnotify_command_response.obj
d:\gitlocal\sits\debug\motionservohistory_command_response.obj
d:\gitlocal\sits\debug\pumpdata_command_response.obj
d:\gitlocal\sits\debug\rfidtag_command_response.obj
d:\gitlocal\sits\debug\rfidtaggetstatus_command_response.obj
d:\gitlocal\sits\debug\rfidtagset_command_response.obj
d:\gitlocal\sits\debug\sampleheatercalculatepoint_command.obj
d:\gitlocal\sits\debug\sampleheatercalculatereset_command.obj
d:\gitlocal\sits\debug\sampleheaterenable_command.obj
d:\gitlocal\sits\debug\sampleheatertargetset_command.obj
d:\gitlocal\sits\debug\sensornotify_command_response.obj
d:\gitlocal\sits\debug\sensorposition_command_response.obj
d:\gitlocal\sits\debug\settingsflush_command.obj
d:\gitlocal\sits\debug\settingsgetkeynames_command_response.obj
d:\gitlocal\sits\debug\shutdownis_command_response.obj
d:\gitlocal\sits\debug\systemled_command_response.obj
d:\gitlocal\sits\debug\timesetclock_command.obj
d:\gitlocal\sits\debug\xyenablerangecheck_command.obj
d:\gitlocal\sits\debug\xyhealthy_command.obj
d:\gitlocal\sits\debug\xymovetoship_command.obj
d:\gitlocal\sits\debug\xyreinitialize_command.obj
d:\gitlocal\sits\debug\xysetsettlemsec_command.obj
d:\gitlocal\sits\debug\xytargetgo_command.obj
d:\gitlocal\sits\debug\xytargetsset_command.obj
d:\gitlocal\sits\debug\zstageinitialize_command.obj
d:\gitlocal\sits\debug\zstagesetheight_command.obj
d:\gitlocal\nms\debug\audio_command_response.obj
d:\gitlocal\nms\debug\bubblecalibrate_command.obj
d:\gitlocal\nms\debug\bubblewatchrecord_command_response.obj
d:\gitlocal\nms\debug\camera_command_response.obj
d:\gitlocal\nms\debug\cameraevent_command_response.obj
d:\gitlocal\nms\debug\camerareadleddata_command_response.obj
d:\gitlocal\nms\debug\camerasetaf_command_response.obj
d:\gitlocal\nms\debug\camerasnapfree_command_response.obj
d:\gitlocal\nms\debug\camerastoreledgains_command.obj
d:\gitlocal\nms\debug\cancelbyid_command.obj
d:\gitlocal\nms\debug\error_nofification.obj
d:\gitlocal\nms\debug\fanonoff_command_response.obj
d:\gitlocal\nms\debug\flowcelldoorclose_command_response.obj
d:\gitlocal\nms\debug\flowcelldoorgetstate_command.obj
d:\gitlocal\nms\debug\flowcelldoorsetsealdistance_command_response.obj
d:\gitlocal\nms\debug\fluidicsautomationdo_command_response.obj
d:\gitlocal\nms\debug\fluidicsautomationnull_command_response.obj
d:\gitlocal\nms\debug\getinterfacesignature_command_response.obj
d:\gitlocal\nms\debug\humidityread_command_response.obj
d:\gitlocal\nms\debug\imagechangedeventargs.obj
d:\gitlocal\nms\debug\loggetlist_command.obj
d:\gitlocal\nms\debug\miscfwids_command.obj
d:\gitlocal\nms\debug\miscfwidstr_command_response.obj
d:\gitlocal\nms\debug\motionmove_command_response.obj
d:\gitlocal\nms\debug\motionservohistory_command.obj
d:\gitlocal\nms\debug\nullexception.obj
d:\gitlocal\nms\debug\pumpwrite_command.obj
d:\gitlocal\nms\debug\rfidtagget_command.obj
d:\gitlocal\nms\debug\rfidtagreset_command.obj
d:\gitlocal\nms\debug\rfidtagvalidation_command.obj
d:\gitlocal\nms\debug\sampleheatercalculatepoints_command.obj
d:\gitlocal\nms\debug\sampleheaterdisable_command.obj
d:\gitlocal\nms\debug\sampleheatertargetget_command.obj
d:\gitlocal\nms\debug\sampleheatertemperature_command.obj
d:\gitlocal\nms\debug\sensorposition_command.obj
d:\gitlocal\nms\debug\sensorread_command_response.obj
d:\gitlocal\nms\debug\settingsget_command_response.obj
d:\gitlocal\nms\debug\settingsvoid_command_response.obj
d:\gitlocal\nms\debug\shutdownisreset_command.obj
d:\gitlocal\nms\debug\timegetmsec_command_response.obj
d:\gitlocal\nms\debug\valvedata_command_response.obj
d:\gitlocal\nms\debug\xyenablerangecheck_command_response.obj
d:\gitlocal\nms\debug\xyhealthy_command_response.obj
d:\gitlocal\nms\debug\xymovetoship_command_response.obj
d:\gitlocal\nms\debug\xyreinitialize_command.obj
d:\gitlocal\nms\debug\xysetsettlemsec_command_response.obj
d:\gitlocal\nms\debug\xytargetgo_command.obj
d:\gitlocal\nms\debug\zstagegetheight_command.obj
d:\gitlocal\nms\debug\zstageinitialize_command_response.obj
d:\gitlocal\nms\debug\zstagesetheight_command.obj
d:\gitlocal\nms\debug\applicationexception.obj
d:\gitlocal\nms\debug\bubblecalibrate_command_response.obj
d:\gitlocal\nms\debug\bubblemeasureflighttime_command.obj
d:\gitlocal\nms\debug\camera_command.obj
d:\gitlocal\nms\debug\camerapenalty_command.obj
d:\gitlocal\nms\debug\camerareadledgains_command.obj
d:\gitlocal\nms\debug\camerasnap_command_response.obj
d:\gitlocal\nms\debug\camerasnapfreeall_command.obj
d:\gitlocal\nms\debug\cancel_command_response.obj
d:\gitlocal\nms\debug\communicationcore.obj
d:\gitlocal\nms\debug\fanonoff_command.obj
d:\gitlocal\nms\debug\flowcelldoorclose_command.obj
d:\gitlocal\nms\debug\flowcelldoorgetstate_command_response.obj
d:\gitlocal\nms\debug\flowcelldoorsetsealdistance_command.obj
d:\gitlocal\nms\debug\fluidicsautomationgetpos_command.obj
d:\gitlocal\nms\debug\fluidicsautomationreagenttrayctrl_command.obj
d:\gitlocal\nms\debug\grayimage.obj
d:\gitlocal\nms\debug\imagebase.obj
d:\gitlocal\nms\debug\logrecord_command_response.obj
d:\gitlocal\nms\debug\main.obj
d:\gitlocal\nms\debug\miscfwstage_command.obj
d:\gitlocal\nms\debug\motionreadencoder_command.obj
d:\gitlocal\nms\debug\normalexception.obj
d:\gitlocal\nms\debug\pressuresensorread_command_response.obj
d:\gitlocal\nms\debug\pumpwrite_command_response.obj
d:\gitlocal\nms\debug\rfidtagget_command_response.obj
d:\gitlocal\nms\debug\rfidtagreset_command_response.obj
d:\gitlocal\nms\debug\rfidtagvalidation_command_response.obj
d:\gitlocal\nms\debug\sampleheatercalculatepoints_command_response.obj
d:\gitlocal\nms\debug\sampleheaterconnected_command_response.obj
d:\gitlocal\nms\debug\sampleheaterenable_command_response.obj
d:\gitlocal\nms\debug\sampleheatertargetset_command_response.obj
d:\gitlocal\nms\debug\sensornotify_command_response.obj
d:\gitlocal\nms\debug\sensorposition_command_response.obj
d:\gitlocal\nms\debug\settingsflush_command.obj
d:\gitlocal\nms\debug\settingsgetkeynames_command_response.obj
d:\gitlocal\nms\debug\shutdownis_command_response.obj
d:\gitlocal\nms\debug\systemled_command_response.obj
d:\gitlocal\nms\debug\timesetclock_command_response.obj
d:\gitlocal\nms\debug\valvewrite_command_response.obj
d:\gitlocal\nms\debug\xygetposition_command_response.obj
d:\gitlocal\nms\debug\xymoveto_command.obj
d:\gitlocal\nms\debug\xyoffset_command_response.obj
d:\gitlocal\nms\debug\xysetminmovemsec_command.obj
d:\gitlocal\nms\debug\xystatus_command_response.obj
d:\gitlocal\nms\debug\xytargetset_command.obj
d:\gitlocal\nms\debug\zstagegetheightresult_command_response.obj
d:\gitlocal\nms\debug\zstageisready_command_response.obj
d:\gitlocal\nms\debug\zstagewatchheight_command.obj
d:\gitlocal\nms\debug\filelogger.obj
d:\gitlocal\nms\debug\bubblegetcount_command_response.obj
d:\gitlocal\nms\debug\bubblemeasureflighttime_command_response.obj
d:\gitlocal\nms\debug\bubblewatchsensors_command_response.obj
d:\gitlocal\nms\debug\cameraenablezsettling_command_response.obj
d:\gitlocal\nms\debug\camerareadleddata_command.obj
d:\gitlocal\nms\debug\camerasetaf_command.obj
d:\gitlocal\nms\debug\camerasnapfree_command.obj
d:\gitlocal\nms\debug\camerastoreledgains_command_response.obj
d:\gitlocal\nms\debug\command.obj
d:\gitlocal\nms\debug\fangetppm_command.obj
d:\gitlocal\nms\debug\fanthermalcontrol_command.obj
d:\gitlocal\nms\debug\flowcelldoorgetsealdistance_command_response.obj
d:\gitlocal\nms\debug\flowcelldooropen_command.obj
d:\gitlocal\nms\debug\fluidicsautomationdo_command.obj
d:\gitlocal\nms\debug\fluidicsautomationmovetoy_command.obj
d:\gitlocal\nms\debug\globalset.obj
d:\gitlocal\nms\debug\indexoutofrangeexception.obj
d:\gitlocal\nms\debug\loggetlist_command_response.obj
d:\gitlocal\nms\debug\logreplay_command_response.obj
d:\gitlocal\nms\debug\miscfwids_command_response.obj
d:\gitlocal\nms\debug\miscfwstage_command_response.obj
d:\gitlocal\nms\debug\motionnotify_command_response.obj
d:\gitlocal\nms\debug\motionservohistory_command_response.obj
d:\gitlocal\nms\debug\pressuresensorread_command.obj
d:\gitlocal\nms\debug\rfidtag_command_response.obj
d:\gitlocal\nms\debug\rfidtaggetstatus_command.obj
d:\gitlocal\nms\debug\rfidtagset_command_response.obj
d:\gitlocal\nms\debug\sampleheatercalculatepoint_command_response.obj
d:\gitlocal\nms\debug\sampleheatercalculatereset_command.obj
d:\gitlocal\nms\debug\sampleheaterenable_command.obj
d:\gitlocal\nms\debug\sampleheatertargetset_command.obj
d:\gitlocal\nms\debug\sensoroverride_command.obj
d:\gitlocal\nms\debug\sensorpositionrecord_command_response.obj
d:\gitlocal\nms\debug\settingsget_command.obj
d:\gitlocal\nms\debug\settingsset_command.obj
d:\gitlocal\nms\debug\shutdownispoweroff_command.obj
d:\gitlocal\nms\debug\timegetmsec_command.obj
d:\gitlocal\nms\debug\valvewrite_command.obj
d:\gitlocal\nms\debug\xygetpositions_command.obj
d:\gitlocal\nms\debug\xymoveto_command_response.obj
d:\gitlocal\nms\debug\xyoffsets_command.obj
d:\gitlocal\nms\debug\xysetminmovemsec_command_response.obj
d:\gitlocal\nms\debug\xystatus_command.obj
d:\gitlocal\nms\debug\xytargetset_command_response.obj
d:\gitlocal\nms\debug\zstagegetheight_command_response.obj
d:\gitlocal\nms\debug\zstageisready_command.obj
d:\gitlocal\nms\debug\zstagewatchheight_command_response.obj
d:\gitlocal\nms\debug\audio_command.obj
d:\gitlocal\nms\debug\bubblegetcount_command.obj
d:\gitlocal\nms\debug\bubblewatchsensors_command.obj
d:\gitlocal\nms\debug\cameraenablezsettling_command.obj
d:\gitlocal\nms\debug\camerapenalty_command_response.obj
d:\gitlocal\nms\debug\camerareadledgain_command_response.obj
d:\gitlocal\nms\debug\camerasnap_command.obj
d:\gitlocal\nms\debug\camerasnapfreeall_command_response.obj
d:\gitlocal\nms\debug\cancel_command.obj
d:\gitlocal\nms\debug\cpqcihack_command.obj
d:\gitlocal\nms\debug\fangetppm_command_response.obj
d:\gitlocal\nms\debug\fanthermalcontrol_command_response.obj
d:\gitlocal\nms\debug\flowcelldoorgetsealdistance_command.obj
d:\gitlocal\nms\debug\flowcelldooropen_command_response.obj
d:\gitlocal\nms\debug\fluidicsautomationbufferpresentcontrol_command.obj
d:\gitlocal\nms\debug\fluidicsautomationgetpos_command_response.obj
d:\gitlocal\nms\debug\getinterfacesignature_command.obj
d:\gitlocal\nms\debug\humidityread_command.obj
d:\gitlocal\nms\debug\imagesizechangedeventargs.obj
d:\gitlocal\nms\debug\instrumentoperator.obj
d:\gitlocal\nms\debug\logreplay_command.obj
d:\gitlocal\nms\debug\miscfwidstr_command.obj
d:\gitlocal\nms\debug\motionmove_command.obj
d:\gitlocal\nms\debug\motionreadencoder_command_response.obj
d:\gitlocal\nms\debug\motionservorec_command_response.obj
d:\gitlocal\nms\debug\pumpdata_command_response.obj
d:\gitlocal\nms\debug\response.obj
d:\gitlocal\nms\debug\rfidtaggetstatus_command_response.obj
d:\gitlocal\nms\debug\rfidtagset_command.obj
d:\gitlocal\nms\debug\sampleheatercalculatepoint_command.obj
d:\gitlocal\nms\debug\sampleheatercalculatereset_command_response.obj
d:\gitlocal\nms\debug\sampleheaterdisable_command_response.obj
d:\gitlocal\nms\debug\sampleheatertargetget_command_response.obj
d:\gitlocal\nms\debug\sampleheatertemperature_command_response.obj
d:\gitlocal\nms\debug\sensoroverride_command_response.obj
d:\gitlocal\nms\debug\sensorread_command.obj
d:\gitlocal\nms\debug\settingsgetkeynames_command.obj
d:\gitlocal\nms\debug\settinsvoid_command_response.obj
d:\gitlocal\nms\debug\systemled_command.obj
d:\gitlocal\nms\debug\timesetclock_command.obj
d:\gitlocal\nms\debug\xyenablerangecheck_command.obj
d:\gitlocal\nms\debug\xyhealthy_command.obj
d:\gitlocal\nms\debug\xymovetoship_command.obj
d:\gitlocal\nms\debug\xyreinitialize_command_response.obj
d:\gitlocal\nms\debug\xysetsettlemsec_command.obj
d:\gitlocal\nms\debug\xytargetgo_command_response.obj
d:\gitlocal\nms\debug\xytargetsset_command.obj
d:\gitlocal\nms\debug\zstageinitialize_command.obj
d:\gitlocal\nms\debug\zstagesetheight_command_response.obj
d:\gitlocal\nms\debug\vc142.pdb
d:\gitlocal\nms\debug\moc_filelogger.obj
d:\gitlocal\nms\debug\moc_camerapenalty_command.obj
d:\gitlocal\nms\debug\moc_camerasetaf_command.obj
d:\gitlocal\nms\debug\moc_camerastoreledgains_command.obj
d:\gitlocal\nms\debug\moc_cpqcihack_command.obj
d:\gitlocal\nms\debug\moc_fanthermalcontrol_command.obj
d:\gitlocal\nms\debug\moc_flowcelldooropen_command.obj
d:\gitlocal\nms\debug\moc_fluidicsautomationgetpos_command.obj
d:\gitlocal\nms\debug\moc_grayimage.obj
d:\gitlocal\nms\debug\moc_logreplay_command.obj
d:\gitlocal\nms\debug\moc_motionmove_command.obj
d:\gitlocal\nms\debug\moc_pumpwrite_command.obj
d:\gitlocal\nms\debug\moc_sampleheatercalculatepoint_command.obj
d:\gitlocal\nms\debug\moc_sampleheatercalculatepoints_command.obj
d:\gitlocal\nms\debug\moc_sampleheatertemperature_command.obj
d:\gitlocal\nms\debug\moc_sensorposition_command.obj
d:\gitlocal\nms\debug\moc_settingsgetkeynames_command.obj
d:\gitlocal\nms\debug\moc_timesetclock_command.obj
d:\gitlocal\nms\debug\moc_xyhealthy_command.obj
d:\gitlocal\nms\debug\moc_xyreinitialize_command.obj
d:\gitlocal\nms\debug\moc_xystatus_command.obj
d:\gitlocal\nms\debug\moc_zstageisready_command.obj
d:\gitlocal\nms\debug\qrc_qml.obj
d:\gitlocal\nms\debug\moc_bubblegetcount_command.obj
d:\gitlocal\nms\debug\moc_cameraenablezsettling_command.obj
d:\gitlocal\nms\debug\moc_camerasnap_command.obj
d:\gitlocal\nms\debug\moc_cancel_command.obj
d:\gitlocal\nms\debug\moc_fangetppm_command.obj
d:\gitlocal\nms\debug\moc_flowcelldoorgetstate_command.obj
d:\gitlocal\nms\debug\moc_fluidicsautomationdo_command.obj
d:\gitlocal\nms\debug\moc_getinterfacesignature_command.obj
d:\gitlocal\nms\debug\moc_imagebase.obj
d:\gitlocal\nms\debug\moc_miscfwidstr_command.obj
d:\gitlocal\nms\debug\moc_motionreadencoder_command.obj
d:\gitlocal\nms\debug\moc_rfidtagget_command.obj
d:\gitlocal\nms\debug\moc_rfidtagset_command.obj
d:\gitlocal\nms\debug\moc_sampleheaterenable_command.obj
d:\gitlocal\nms\debug\moc_sensoroverride_command.obj
d:\gitlocal\nms\debug\moc_settingsget_command.obj
d:\gitlocal\nms\debug\moc_shutdownisreset_command.obj
d:\gitlocal\nms\debug\moc_valvewrite_command.obj
d:\gitlocal\nms\debug\moc_xygetpositions_command.obj
d:\gitlocal\nms\debug\moc_xymovetoship_command.obj
d:\gitlocal\nms\debug\moc_xytargetsset_command.obj
d:\gitlocal\nms\debug\moc_zstageinitialize_command.obj
d:\gitlocal\nms\debug\moc_zstagewatchheight_command.obj
d:\gitlocal\nms\debug\moc_audio_command.obj
d:\gitlocal\nms\debug\moc_bubblemeasureflighttime_command.obj
d:\gitlocal\nms\debug\moc_camerareadleddata_command.obj
d:\gitlocal\nms\debug\moc_camerasnapfree_command.obj
d:\gitlocal\nms\debug\moc_cancelbyid_command.obj
d:\gitlocal\nms\debug\moc_flowcelldoorclose_command.obj
d:\gitlocal\nms\debug\moc_flowcelldoorsetsealdistance_command.obj
d:\gitlocal\nms\debug\moc_fluidicsautomationreagenttrayctrl_command.obj
d:\gitlocal\nms\debug\moc_humidityread_command.obj
d:\gitlocal\nms\debug\moc_miscfwids_command.obj
d:\gitlocal\nms\debug\moc_motionservohistory_command.obj
d:\gitlocal\nms\debug\moc_rfidtaggetstatus_command.obj
d:\gitlocal\nms\debug\moc_rfidtagvalidation_command.obj
d:\gitlocal\nms\debug\moc_sampleheatercalculatereset_command.obj
d:\gitlocal\nms\debug\moc_sampleheatertargetset_command.obj
d:\gitlocal\nms\debug\moc_sensorread_command.obj
d:\gitlocal\nms\debug\moc_shutdownispoweroff_command.obj
d:\gitlocal\nms\debug\moc_timegetmsec_command.obj
d:\gitlocal\nms\debug\moc_xymoveto_command.obj
d:\gitlocal\nms\debug\moc_xysetsettlemsec_command.obj
d:\gitlocal\nms\debug\moc_xytargetgo_command.obj
d:\gitlocal\nms\debug\moc_zstagegetheight_command.obj
d:\gitlocal\nms\debug\moc_bubblecalibrate_command.obj
d:\gitlocal\nms\debug\moc_camera_command.obj
d:\gitlocal\nms\debug\moc_camerareadledgains_command.obj
d:\gitlocal\nms\debug\moc_camerasnapfreeall_command.obj
d:\gitlocal\nms\debug\moc_command.obj
d:\gitlocal\nms\debug\moc_flowcelldoorgetsealdistance_command.obj
d:\gitlocal\nms\debug\moc_fluidicsautomationbufferpresentcontrol_command.obj
d:\gitlocal\nms\debug\moc_fluidicsautomationmovetoy_command.obj
d:\gitlocal\nms\debug\moc_instrumentoperator.obj
d:\gitlocal\nms\debug\moc_loggetlist_command.obj
d:\gitlocal\nms\debug\moc_miscfwstage_command.obj
d:\gitlocal\nms\debug\moc_pressuresensorread_command.obj
d:\gitlocal\nms\debug\moc_rfidtagreset_command.obj
d:\gitlocal\nms\debug\moc_sampleheaterdisable_command.obj
d:\gitlocal\nms\debug\moc_sampleheatertargetget_command.obj
d:\gitlocal\nms\debug\moc_settingsflush_command.obj
d:\gitlocal\nms\debug\moc_settingsset_command.obj
d:\gitlocal\nms\debug\moc_systemled_command.obj
d:\gitlocal\nms\debug\moc_xyenablerangecheck_command.obj
d:\gitlocal\nms\debug\moc_xysetminmovemsec_command.obj
d:\gitlocal\nms\debug\moc_xytargetset_command.obj
d:\gitlocal\nms\debug\moc_zstagesetheight_command.obj
d:\gitlocal\nms\debug\moc_predefs.h
d:\gitlocal\sits\debug\sits.exe
d:\gitlocal\sits\debug\sits.ilk
d:\gitlocal\sits\debug\sits.pdb
d:\gitlocal\nms\debug\sits.exe
d:\gitlocal\nms\debug\sits.ilk
d:\gitlocal\nms\debug\sits.pdb
d:\gitlocal\nms\debug\moc_filelogger.cpp
d:\gitlocal\nms\debug\moc_audio_command.cpp
d:\gitlocal\nms\debug\moc_bubblecalibrate_command.cpp
d:\gitlocal\nms\debug\moc_bubblegetcount_command.cpp
d:\gitlocal\nms\debug\moc_bubblemeasureflighttime_command.cpp
d:\gitlocal\nms\debug\moc_camera_command.cpp
d:\gitlocal\nms\debug\moc_cameraenablezsettling_command.cpp
d:\gitlocal\nms\debug\moc_camerapenalty_command.cpp
d:\gitlocal\nms\debug\moc_camerareadleddata_command.cpp
d:\gitlocal\nms\debug\moc_camerareadledgains_command.cpp
d:\gitlocal\nms\debug\moc_camerasetaf_command.cpp
d:\gitlocal\nms\debug\moc_camerasnap_command.cpp
d:\gitlocal\nms\debug\moc_camerasnapfree_command.cpp
d:\gitlocal\nms\debug\moc_camerasnapfreeall_command.cpp
d:\gitlocal\nms\debug\moc_camerastoreledgains_command.cpp
d:\gitlocal\nms\debug\moc_cancel_command.cpp
d:\gitlocal\nms\debug\moc_cancelbyid_command.cpp
d:\gitlocal\nms\debug\moc_command.cpp
d:\gitlocal\nms\debug\moc_cpqcihack_command.cpp
d:\gitlocal\nms\debug\moc_fangetppm_command.cpp
d:\gitlocal\nms\debug\moc_fanthermalcontrol_command.cpp
d:\gitlocal\nms\debug\moc_flowcelldoorclose_command.cpp
d:\gitlocal\nms\debug\moc_flowcelldoorgetsealdistance_command.cpp
d:\gitlocal\nms\debug\moc_flowcelldoorgetstate_command.cpp
d:\gitlocal\nms\debug\moc_flowcelldooropen_command.cpp
d:\gitlocal\nms\debug\moc_flowcelldoorsetsealdistance_command.cpp
d:\gitlocal\nms\debug\moc_fluidicsautomationbufferpresentcontrol_command.cpp
d:\gitlocal\nms\debug\moc_fluidicsautomationdo_command.cpp
d:\gitlocal\nms\debug\moc_fluidicsautomationgetpos_command.cpp
d:\gitlocal\nms\debug\moc_fluidicsautomationmovetoy_command.cpp
d:\gitlocal\nms\debug\moc_fluidicsautomationreagenttrayctrl_command.cpp
d:\gitlocal\nms\debug\moc_getinterfacesignature_command.cpp
d:\gitlocal\nms\debug\moc_humidityread_command.cpp
d:\gitlocal\nms\debug\moc_imagebase.cpp
d:\gitlocal\nms\debug\moc_instrumentoperator.cpp
d:\gitlocal\nms\debug\moc_loggetlist_command.cpp
d:\gitlocal\nms\debug\moc_logreplay_command.cpp
d:\gitlocal\nms\debug\moc_miscfwids_command.cpp
d:\gitlocal\nms\debug\moc_miscfwidstr_command.cpp
d:\gitlocal\nms\debug\moc_miscfwstage_command.cpp
d:\gitlocal\nms\debug\moc_motionmove_command.cpp
d:\gitlocal\nms\debug\moc_motionreadencoder_command.cpp
d:\gitlocal\nms\debug\moc_motionservohistory_command.cpp
d:\gitlocal\nms\debug\moc_pressuresensorread_command.cpp
d:\gitlocal\nms\debug\moc_pumpwrite_command.cpp
d:\gitlocal\nms\debug\moc_rfidtagget_command.cpp
d:\gitlocal\nms\debug\moc_rfidtaggetstatus_command.cpp
d:\gitlocal\nms\debug\moc_rfidtagreset_command.cpp
d:\gitlocal\nms\debug\moc_rfidtagset_command.cpp
d:\gitlocal\nms\debug\moc_rfidtagvalidation_command.cpp
d:\gitlocal\nms\debug\moc_sampleheatercalculatepoint_command.cpp
d:\gitlocal\nms\debug\moc_sampleheatercalculatepoints_command.cpp
d:\gitlocal\nms\debug\moc_sampleheatercalculatereset_command.cpp
d:\gitlocal\nms\debug\moc_sampleheaterdisable_command.cpp
d:\gitlocal\nms\debug\moc_sampleheaterenable_command.cpp
d:\gitlocal\nms\debug\moc_sampleheatertargetget_command.cpp
d:\gitlocal\nms\debug\moc_sampleheatertargetset_command.cpp
d:\gitlocal\nms\debug\moc_sampleheatertemperature_command.cpp
d:\gitlocal\nms\debug\moc_sensoroverride_command.cpp
d:\gitlocal\nms\debug\moc_sensorposition_command.cpp
d:\gitlocal\nms\debug\moc_sensorread_command.cpp
d:\gitlocal\nms\debug\moc_settingsflush_command.cpp
d:\gitlocal\nms\debug\moc_settingsget_command.cpp
d:\gitlocal\nms\debug\moc_settingsgetkeynames_command.cpp
d:\gitlocal\nms\debug\moc_settingsset_command.cpp
d:\gitlocal\nms\debug\moc_shutdownispoweroff_command.cpp
d:\gitlocal\nms\debug\moc_shutdownisreset_command.cpp
d:\gitlocal\nms\debug\moc_systemled_command.cpp
d:\gitlocal\nms\debug\moc_timegetmsec_command.cpp
d:\gitlocal\nms\debug\moc_timesetclock_command.cpp
d:\gitlocal\nms\debug\moc_valvewrite_command.cpp
d:\gitlocal\nms\debug\moc_xyenablerangecheck_command.cpp
d:\gitlocal\nms\debug\moc_xygetpositions_command.cpp
d:\gitlocal\nms\debug\moc_xyhealthy_command.cpp
d:\gitlocal\nms\debug\moc_xymoveto_command.cpp
d:\gitlocal\nms\debug\moc_xymovetoship_command.cpp
d:\gitlocal\nms\debug\moc_xyreinitialize_command.cpp
d:\gitlocal\nms\debug\moc_xysetminmovemsec_command.cpp
d:\gitlocal\nms\debug\moc_xysetsettlemsec_command.cpp
d:\gitlocal\nms\debug\moc_xystatus_command.cpp
d:\gitlocal\nms\debug\moc_xytargetgo_command.cpp
d:\gitlocal\nms\debug\moc_xytargetset_command.cpp
d:\gitlocal\nms\debug\moc_xytargetsset_command.cpp
d:\gitlocal\nms\debug\moc_zstagegetheight_command.cpp
d:\gitlocal\nms\debug\moc_zstageinitialize_command.cpp
d:\gitlocal\nms\debug\moc_zstageisready_command.cpp
d:\gitlocal\nms\debug\moc_zstagesetheight_command.cpp
d:\gitlocal\nms\debug\moc_zstagewatchheight_command.cpp
d:\gitlocal\nms\debug\moc_grayimage.cpp
d:\gitlocal\nms\debug\qrc_qml.cpp
d:\gitlocal\sits\debug\qrc_qml.cpp
d:\gitlocal\sits\debug\moc_filelogger.cpp
d:\gitlocal\sits\debug\moc_audio_command.cpp
d:\gitlocal\sits\debug\moc_bubblecalibrate_command.cpp
d:\gitlocal\sits\debug\moc_bubblegetcount_command.cpp
d:\gitlocal\sits\debug\moc_bubblemeasureflighttime_command.cpp
d:\gitlocal\sits\debug\moc_camera_command.cpp
d:\gitlocal\sits\debug\moc_cameraenablezsettling_command.cpp
d:\gitlocal\sits\debug\moc_camerapenalty_command.cpp
d:\gitlocal\sits\debug\moc_camerareadleddata_command.cpp
d:\gitlocal\sits\debug\moc_camerareadledgains_command.cpp
d:\gitlocal\sits\debug\moc_camerasetaf_command.cpp
d:\gitlocal\sits\debug\moc_camerasnap_command.cpp
d:\gitlocal\sits\debug\moc_camerasnapfree_command.cpp
d:\gitlocal\sits\debug\moc_camerasnapfreeall_command.cpp
d:\gitlocal\sits\debug\moc_camerastoreledgains_command.cpp
d:\gitlocal\sits\debug\moc_cancel_command.cpp
d:\gitlocal\sits\debug\moc_cancelbyid_command.cpp
d:\gitlocal\sits\debug\moc_command.cpp
d:\gitlocal\sits\debug\moc_cpqcihack_command.cpp
d:\gitlocal\sits\debug\moc_fangetppm_command.cpp
d:\gitlocal\sits\debug\moc_fanthermalcontrol_command.cpp
d:\gitlocal\sits\debug\moc_flowcelldoorclose_command.cpp
d:\gitlocal\sits\debug\moc_flowcelldoorgetsealdistance_command.cpp
d:\gitlocal\sits\debug\moc_flowcelldoorgetstate_command.cpp
d:\gitlocal\sits\debug\moc_flowcelldooropen_command.cpp
d:\gitlocal\sits\debug\moc_flowcelldoorsetsealdistance_command.cpp
d:\gitlocal\sits\debug\moc_fluidicsautomationbufferpresentcontrol_command.cpp
d:\gitlocal\sits\debug\moc_fluidicsautomationdo_command.cpp
d:\gitlocal\sits\debug\moc_fluidicsautomationgetpos_command.cpp
d:\gitlocal\sits\debug\moc_fluidicsautomationmovetoy_command.cpp
d:\gitlocal\sits\debug\moc_fluidicsautomationreagenttrayctrl_command.cpp
d:\gitlocal\sits\debug\moc_getinterfacesignature_command.cpp
d:\gitlocal\sits\debug\moc_humidityread_command.cpp
d:\gitlocal\sits\debug\moc_instrumentoperator.cpp
d:\gitlocal\sits\debug\moc_loggetlist_command.cpp
d:\gitlocal\sits\debug\moc_logreplay_command.cpp
d:\gitlocal\sits\debug\moc_miscfwids_command.cpp
d:\gitlocal\sits\debug\moc_miscfwidstr_command.cpp
d:\gitlocal\sits\debug\moc_miscfwstage_command.cpp
d:\gitlocal\sits\debug\moc_motionmove_command.cpp
d:\gitlocal\sits\debug\moc_motionreadencoder_command.cpp
d:\gitlocal\sits\debug\moc_motionservohistory_command.cpp
d:\gitlocal\sits\debug\moc_pressuresensorread_command.cpp
d:\gitlocal\sits\debug\moc_pumpwrite_command.cpp
d:\gitlocal\sits\debug\moc_rfidtagget_command.cpp
d:\gitlocal\sits\debug\moc_rfidtaggetstatus_command.cpp
d:\gitlocal\sits\debug\moc_rfidtagreset_command.cpp
d:\gitlocal\sits\debug\moc_rfidtagset_command.cpp
d:\gitlocal\sits\debug\moc_rfidtagvalidation_command.cpp
d:\gitlocal\sits\debug\moc_sampleheatercalculatepoint_command.cpp
d:\gitlocal\sits\debug\moc_sampleheatercalculatepoints_command.cpp
d:\gitlocal\sits\debug\moc_sampleheatercalculatereset_command.cpp
d:\gitlocal\sits\debug\moc_sampleheaterdisable_command.cpp
d:\gitlocal\sits\debug\moc_sampleheaterenable_command.cpp
d:\gitlocal\sits\debug\moc_sampleheatertargetget_command.cpp
d:\gitlocal\sits\debug\moc_sampleheatertargetset_command.cpp
d:\gitlocal\sits\debug\moc_sampleheatertemperature_command.cpp
d:\gitlocal\sits\debug\moc_sensoroverride_command.cpp
d:\gitlocal\sits\debug\moc_sensorposition_command.cpp
d:\gitlocal\sits\debug\moc_sensorread_command.cpp
d:\gitlocal\sits\debug\moc_settingsflush_command.cpp
d:\gitlocal\sits\debug\moc_settingsget_command.cpp
d:\gitlocal\sits\debug\moc_settingsgetkeynames_command.cpp
d:\gitlocal\sits\debug\moc_settingsset_command.cpp
d:\gitlocal\sits\debug\moc_shutdownispoweroff_command.cpp
d:\gitlocal\sits\debug\moc_shutdownisreset_command.cpp
d:\gitlocal\sits\debug\moc_systemled_command.cpp
d:\gitlocal\sits\debug\moc_timegetmsec_command.cpp
d:\gitlocal\sits\debug\moc_timesetclock_command.cpp
d:\gitlocal\sits\debug\moc_valvewrite_command.cpp
d:\gitlocal\sits\debug\moc_xyenablerangecheck_command.cpp
d:\gitlocal\sits\debug\moc_xygetpositions_command.cpp
d:\gitlocal\sits\debug\moc_xyhealthy_command.cpp
d:\gitlocal\sits\debug\moc_xymoveto_command.cpp
d:\gitlocal\sits\debug\moc_xymovetoship_command.cpp
d:\gitlocal\sits\debug\moc_xyreinitialize_command.cpp
d:\gitlocal\sits\debug\moc_xysetminmovemsec_command.cpp
d:\gitlocal\sits\debug\moc_xysetsettlemsec_command.cpp
d:\gitlocal\sits\debug\moc_xystatus_command.cpp
d:\gitlocal\sits\debug\moc_xytargetgo_command.cpp
d:\gitlocal\sits\debug\moc_xytargetset_command.cpp
d:\gitlocal\sits\debug\moc_xytargetsset_command.cpp
d:\gitlocal\sits\debug\moc_zstagegetheight_command.cpp
d:\gitlocal\sits\debug\moc_zstageinitialize_command.cpp
d:\gitlocal\sits\debug\moc_zstageisready_command.cpp
d:\gitlocal\sits\debug\moc_zstagesetheight_command.cpp
d:\gitlocal\sits\debug\moc_zstagewatchheight_command.cpp
d:\gitlocal\nms\debug\sits.tlog\cl.command.1.tlog
d:\gitlocal\nms\debug\sits.tlog\cl.read.1.tlog
d:\gitlocal\nms\debug\sits.tlog\cl.write.1.tlog
d:\gitlocal\nms\debug\sits.tlog\custombuild.command.1.tlog
d:\gitlocal\nms\debug\sits.tlog\custombuild.read.1.tlog
d:\gitlocal\nms\debug\sits.tlog\custombuild.write.1.tlog
d:\gitlocal\nms\debug\sits.tlog\link.command.1.tlog
d:\gitlocal\nms\debug\sits.tlog\link.read.1.tlog
d:\gitlocal\nms\debug\sits.tlog\link.write.1.tlog
d:\gitlocal\nms\debug\sits.tlog\moc.read.1u.tlog
d:\gitlocal\nms\debug\sits.tlog\moc.write.1u.tlog
d:\gitlocal\nms\debug\sits.tlog\rcc.read.1u.tlog
d:\gitlocal\nms\debug\sits.tlog\rcc.write.1u.tlog
d:\gitlocal\nms\debug\sits.tlog\sits.write.1u.tlog
